make all --print-data-base --no-builtin-variables --no-builtin-rules --question
make: *** No rule to make target 'all'.  Stop.

# GNU Make 4.3
# Built for x86_64-pc-linux-gnu
# Copyright (C) 1988-2020 Free Software Foundation, Inc.
# License GPLv3+: GNU GPL version 3 or later <http://gnu.org/licenses/gpl.html>
# This is free software: you are free to change and redistribute it.
# There is NO WARRANTY, to the extent permitted by law.

# Make data base, printed on Mon May 30 10:40:00 2022

# Variables

# environment
JAVA_HOME = /usr/lib/jvm/java-8-openjdk-amd64
# environment
GDK_BACKEND = x11
# environment
LC_ALL = C
# environment
GNOME_SHELL_SESSION_MODE = ubuntu
# environment
SSH_AGENT_LAUNCHER = gnome-keyring
# environment
SNAP_INSTANCE_KEY = 
# environment
GJS_DEBUG_OUTPUT = stderr
# environment
VSCODE_IPC_HOOK_EXTHOST = /run/user/1000/vscode-ipc-3625fed5-6d22-4205-a0ec-2d31ab5fa31c.sock
# environment
LC_NAME = en_IN.UTF-8
# environment
LC_NUMERIC = en_IN.UTF-8
# environment
VSCODE_CWD = /home/krishnendu
# environment
LC_ADDRESS = en_IN.UTF-8
# default
MAKE_COMMAND := make
# environment
QT_ACCESSIBILITY = 1
# environment
GOPATH = /home/krishnendu/Go
# automatic
@D = $(patsubst %/,%,$(dir $@))
# environment
SNAP_INSTANCE_NAME = code
# environment
GDK_PIXBUF_MODULEDIR = /snap/code/97/usr/lib/x86_64-linux-gnu/gdk-pixbuf-2.0/2.10.0/loaders
# environment
VSCODE_HANDLES_UNCAUGHT_ERRORS = true
# default
.VARIABLES := 
# environment
PWD = /home/krishnendu/Go/src/github.com/krish8learn/passwordStoringApplication
# automatic
%D = $(patsubst %/,%,$(dir $%))
# environment
XDG_DATA_DIRS = /usr/share/ubuntu:/usr/local/share/:/usr/share/:/var/lib/snapd/desktop
# automatic
^D = $(patsubst %/,%,$(dir $^))
# environment
VSCODE_LOG_STACK = false
# automatic
%F = $(notdir $%)
# environment
VSCODE_CODE_CACHE_PATH = /home/krishnendu/.config/Code/CachedData/c3511e6c69bb39013c4a4b7b9566ec1ca73fc4d5
# environment
LANG = C
# environment
XAUTHORITY = /run/user/1000/.mutter-Xwaylandauth.KXW4M1
# default
.LOADED := 
# default
.INCLUDE_DIRS = /usr/local/include /usr/include /usr/include
# makefile
MAKEFLAGS = pqrR
# makefile
CURDIR := /home/krishnendu/Go/src/github.com/krish8learn/passwordStoringApplication
# environment
VSCODE_PIPE_LOGGING = true
# environment
APPLICATION_INSIGHTS_NO_DIAGNOSTIC_CHANNEL = 1
# environment
LESSOPEN = | /usr/bin/lesspipe %s
# automatic
*D = $(patsubst %/,%,$(dir $*))
# environment
MFLAGS = -pqrR
# environment
SSH_AUTH_SOCK = /run/user/1000/keyring/ssh
# default
.SHELLFLAGS := -c
# environment
WAYLAND_DISPLAY = wayland-0
# environment
XDG_CONFIG_DIRS = /etc/xdg/xdg-ubuntu:/etc/xdg
# automatic
+D = $(patsubst %/,%,$(dir $+))
# environment
XDG_SESSION_DESKTOP = ubuntu
# makefile (from 'makefile', line 1)
MAKEFILE_LIST := makefile
# environment
SNAP_REEXEC = 
# automatic
@F = $(notdir $@)
# environment
VSCODE_VERBOSE_LOGGING = true
# environment
VSCODE_PID = 14896
# environment
XDG_SESSION_TYPE = wayland
# automatic
?D = $(patsubst %/,%,$(dir $?))
# environment
BAMF_DESKTOP_FILE_HINT = /var/lib/snapd/desktop/applications/code_code.desktop
# environment
SESSION_MANAGER = local/krishnendu-Satellite-C665:@/tmp/.ICE-unix/1571,unix/krishnendu-Satellite-C665:/tmp/.ICE-unix/1571
# automatic
*F = $(notdir $*)
# environment
CHROME_DESKTOP = code-url-handler.desktop
# environment
DBUS_SESSION_BUS_ADDRESS = unix:path=/run/user/1000/bus
# automatic
<D = $(patsubst %/,%,$(dir $<))
# environment
VSCODE_NLS_CONFIG = {"locale":"en-gb","availableLanguages":{},"_languagePackSupport":true}
# default
MAKE_HOST := x86_64-pc-linux-gnu
# environment
GNOME_DESKTOP_SESSION_ID = this-is-deprecated
# makefile
SHELL = /bin/sh
# default
MAKECMDGOALS := all
# environment
XMODIFIERS = @im=ibus
# environment
GJS_DEBUG_TOPICS = JS ERROR;JS LOG
# environment
SHLVL = 0
# environment
MAKELEVEL := 0
# environment
IM_CONFIG_CHECK_ENV = 1
# default
MAKE = $(MAKE_COMMAND)
# environment
SNAP_COOKIE = Y9Pwa9iCuxmlqoMGcHINnL2x3Qaiu_cDLGi6xSIZ2xl-hJAXRZeI
# environment
PATH = /snap/go/current/bin:/home/krishnendu/.local/bin:/home/krishnendu/.local/bin:/usr/local/sbin:/usr/local/bin:/usr/sbin:/usr/bin:/sbin:/bin:/usr/games:/usr/local/games:/snap/bin:/snap/bin:/home/krishnendu/Go/bin:/usr/local/go/bin
# default
MAKEFILES := 
# environment
LANGUAGE = en_GB:en
# environment
LC_MONETARY = en_IN.UTF-8
# automatic
^F = $(notdir $^)
# environment
SNAP_USER_COMMON = /home/krishnendu/snap/code/common
# environment
LC_TIME = en_IN.UTF-8
# environment
SNAP = /snap/code/97
# environment
GOBIN = /home/krishnendu/Go/bin
# environment
GOROOT = /snap/go/current
# environment
INVOCATION_ID = 65cc93f236934a5c98e456cb1e5261aa
# environment
SNAP_REVISION = 97
# environment
SNAP_REAL_HOME = /home/krishnendu
# environment
VSCODE_LOG_NATIVE = false
# environment
USERNAME = krishnendu
# environment
GNOME_SETUP_DISPLAY = :1
# environment
LC_TELEPHONE = en_IN.UTF-8
# environment
LESSCLOSE = /usr/bin/lesspipe %s %s
# automatic
?F = $(notdir $?)
# environment
XDG_CURRENT_DESKTOP = Unity
# environment
LS_COLORS = 
# automatic
+F = $(notdir $+)
# environment
DESKTOP_SESSION = ubuntu
# environment
ORIGINAL_XDG_CURRENT_DESKTOP = ubuntu:GNOME
# 'override' directive
GNUMAKEFLAGS := 
# environment
LOGNAME = krishnendu
# environment
GIO_LAUNCHED_DESKTOP_FILE = /var/lib/snapd/desktop/applications/code_code.desktop
# environment
SNAP_ARCH = amd64
# makefile
.DEFAULT_GOAL := postgres
# environment
SYSTEMD_EXEC_PID = 1616
# environment
DISPLAY = :0
# environment
USER = krishnendu
# environment
GTK_MODULES = gail:atk-bridge
# default
MAKE_VERSION := 4.3
# environment
DISABLE_WAYLAND = 1
# environment
SNAP_DATA = /var/snap/code/97
# environment
SNAP_CONTEXT = Y9Pwa9iCuxmlqoMGcHINnL2x3Qaiu_cDLGi6xSIZ2xl-hJAXRZeI
# environment
MANAGERPID = 1235
# environment
LC_MEASUREMENT = en_IN.UTF-8
# environment
GIO_LAUNCHED_DESKTOP_FILE_PID = 14851
# environment
_ = /snap/code/97/usr/share/code/code
# environment
LC_PAPER = en_IN.UTF-8
# environment
XDG_RUNTIME_DIR = /run/user/1000
# environment
GDK_PIXBUF_MODULE_FILE = /home/krishnendu/snap/code/common/.cache/gdk-pixbuf-loaders.cache
# environment
JOURNAL_STREAM = 8:32538
# environment
GOMODCACHE = /home/krishnendu/Go/pkg/mod
# environment
XDG_SESSION_CLASS = user
# environment
VSCODE_AMD_ENTRYPOINT = vs/workbench/api/node/extensionHostProcess
# environment
HOME = /home/krishnendu
# environment
QT_IM_MODULE = ibus
# environment
ELECTRON_RUN_AS_NODE = 1
# environment
VSCODE_IPC_HOOK = /run/user/1000/vscode-1f125d37-1.67.2-main.sock
# environment
SNAP_NAME = code
# environment
GSETTINGS_SCHEMA_DIR = /snap/code/97/usr/share/glib-2.0/schemas
# environment
IM_CONFIG_PHASE = 1
# environment
PAPERSIZE = a4
# environment
GOPROXY = https://proxy.golang.org,direct
# default
.RECIPEPREFIX := 
# automatic
<F = $(notdir $<)
# environment
SNAP_VERSION = c3511e6c
# default
SUFFIXES := 
# environment
VSCODE_CLI = 1
# environment
ELECTRON_NO_ATTACH_CONSOLE = 1
# environment
SNAP_COMMON = /var/snap/code/common
# default
 
.FEATURES := target-specific order-only second-expansion else-if shortest-stem undefine oneshell nocomment grouped-target extra-prereqs archives jobserver output-sync check-symlink load
# environment
SNAP_USER_DATA = /home/krishnendu/snap/code/97
# environment
XDG_MENU_PREFIX = gnome-
# environment
GDMSESSION = ubuntu
# environment
LC_IDENTIFICATION = en_IN.UTF-8
# environment
SNAP_LIBRARY_PATH = /var/lib/snapd/lib/gl:/var/lib/snapd/lib/gl32:/var/lib/snapd/void
# variable set hash-table stats:
# Load=139/1024=14%, Rehash=0, Collisions=7/169=4%

# Pattern-specific Variable Values

# No pattern-specific variable values.

# Directories

# . (device 2049, inode 4637217): 13 files, no impossibilities.

# 13 files, no impossibilities in 1 directories.

# Implicit Rules

# No implicit rules.

# Files

start:
#  Implicit rule search has not been done.
#  Modification time never checked.
#  File has not been updated.

# Not a target:
POSTGRES_USER=root:
#  Implicit rule search has not been done.
#  Modification time never checked.
#  File has not been updated.

migratedown:
#  Phony target (prerequisite of .PHONY).
#  Implicit rule search has not been done.
#  File does not exist.
#  File has not been updated.
#  recipe to execute (from 'makefile', line 17):
		migrate -path dao/migration -database "postgresql://root:krish@knight8@localhost:5432/password_store_application?sslmode=disable" -verbose down

docker: 5434 -e POSTGRES_USER=root -e POSTGRES_PASSWORD=secret -d postgres
#  Implicit rule search has not been done.
#  Modification time never checked.
#  File has not been updated.

# Not a target:
POSTGRES_PASSWORD=secret:
#  Implicit rule search has not been done.
#  Modification time never checked.
#  File has not been updated.

sudo: 5434 -e POSTGRES_USER=root -e POSTGRES_PASSWORD=secret -d postgres
#  Implicit rule search has not been done.
#  Modification time never checked.
#  File has not been updated.

dropdb:
#  Phony target (prerequisite of .PHONY).
#  Implicit rule search has not been done.
#  File does not exist.
#  File has not been updated.
#  recipe to execute (from 'makefile', line 8):
	  sudo docker exec -it postgres dropdb password_store_application

migrateup:
#  Phony target (prerequisite of .PHONY).
#  Implicit rule search has not been done.
#  File does not exist.
#  File has not been updated.
#  recipe to execute (from 'makefile', line 14):
		migrate -path dao/migration -database "postgresql://root:krish@knight8@localhost:5432/password_store_application?sslmode=disable" -verbose up

# Not a target:
-e:
#  Implicit rule search has not been done.
#  Modification time never checked.
#  File has not been updated.

5434: 5434 -e POSTGRES_USER=root -e POSTGRES_PASSWORD=secret -d postgres
#  Implicit rule search has not been done.
#  Modification time never checked.
#  File has not been updated.

genGOStruct:
#  Phony target (prerequisite of .PHONY).
#  Implicit rule search has not been done.
#  File does not exist.
#  File has not been updated.
#  recipe to execute (from 'makefile', line 20):
		tables-to-go -v -t pg -d password_store_application -h 127.0.0.1 -s public -u root -p krish@knight8 -of ../passwordStoringApplication/dto
		

# Not a target:
.DEFAULT:
#  Implicit rule search has not been done.
#  Modification time never checked.
#  File has not been updated.

# Not a target:
all:
#  Command line target.
#  Implicit rule search has been done.
#  File does not exist.
#  File has not been updated.

run: 5434 -e POSTGRES_USER=root -e POSTGRES_PASSWORD=secret -d postgres
#  Implicit rule search has not been done.
#  Modification time never checked.
#  File has not been updated.

# Not a target:
-d:
#  Implicit rule search has not been done.
#  Modification time never checked.
#  File has not been updated.

migrateCreate:
#  Phony target (prerequisite of .PHONY).
#  Implicit rule search has not been done.
#  File does not exist.
#  File has not been updated.
#  recipe to execute (from 'makefile', line 11):
		migrate create -ext sql -dir dao/migration -seq init_schema

# Not a target:
makefile:
#  Implicit rule search has been done.
#  Last modified 2022-03-09 02:31:45.064342715
#  File has been updated.
#  Successfully updated.

postgres: 5434 -e POSTGRES_USER=root -e POSTGRES_PASSWORD=secret -d postgres
#  Implicit rule search has not been done.
#  Modification time never checked.
#  File has not been updated.

--name: 5434 -e POSTGRES_USER=root -e POSTGRES_PASSWORD=secret -d postgres
#  Implicit rule search has not been done.
#  Modification time never checked.
#  File has not been updated.

createdb:
#  Phony target (prerequisite of .PHONY).
#  Implicit rule search has not been done.
#  File does not exist.
#  File has not been updated.
#  recipe to execute (from 'makefile', line 5):
	  sudo docker exec -it postgres createdb --username=root --owner=root password_store_application

-p: 5434 -e POSTGRES_USER=root -e POSTGRES_PASSWORD=secret -d postgres
#  Implicit rule search has not been done.
#  Modification time never checked.
#  File has not been updated.

.PHONY: createdb dropdb migrateCreate migrateup migratedown genGOStruct
#  Implicit rule search has not been done.
#  Modification time never checked.
#  File has not been updated.

# files hash-table stats:
# Load=23/1024=2%, Rehash=0, Collisions=0/48=0%
# VPATH Search Paths

# No 'vpath' search paths.

# No general ('VPATH' variable) search path.

# strcache buffers: 1 (0) / strings = 37 / storage = 309 B / avg = 8 B
# current buf: size = 8162 B / used = 309 B / count = 37 / avg = 8 B

# strcache performance: lookups = 67 / hit rate = 44%
# hash-table stats:
# Load=37/8192=0%, Rehash=0, Collisions=0/67=0%
# Finished Make data base on Mon May 30 10:40:00 2022

 
